<?xml version="1.0" encoding="UTF-8"?>
<testsuite name="server.managers.BookingManagerTest" tests="5" skipped="0" failures="0" errors="0" timestamp="2021-03-20T14:10:26" hostname="DESKTOP-3LBRD2I" time="0.052">
  <properties/>
  <testcase name="queryAvailability_NoConflict_NoException()" classname="server.managers.BookingManagerTest" time="0.036"/>
  <testcase name="createBooking_NoConflict_NoException()" classname="server.managers.BookingManagerTest" time="0.002"/>
  <testcase name="createBooking_Conflict_Exception()" classname="server.managers.BookingManagerTest" time="0.002"/>
  <testcase name="createBooking_TooEarly_Exception()" classname="server.managers.BookingManagerTest" time="0.003"/>
  <testcase name="sortBookings()" classname="server.managers.BookingManagerTest" time="0.002"/>
  <system-out><![CDATA[]]></system-out>
  <system-err><![CDATA[]]></system-err>
</testsuite>
